<?xml version="1.0" encoding="UTF-8"?>
<testng-results ignored="0" total="1" passed="1" failed="0" skipped="0">
  <reporter-output>
  </reporter-output>
  <suite started-at="2024-07-26T14:53:17 CDT" name="Suite" finished-at="2024-07-26T14:53:22 CDT" duration-ms="5015">
    <groups>
    </groups>
    <test started-at="2024-07-26T14:53:17 CDT" name="Test" finished-at="2024-07-26T14:53:22 CDT" duration-ms="5015">
      <class name="testcases.Array">
        <test-method is-config="true" signature="setUp()[pri:0, instance:testcases.Array@6d763516]" started-at="2024-07-26T14:53:17 CDT" name="setUp" finished-at="2024-07-26T14:53:20 CDT" duration-ms="3378" status="PASS">
          <reporter-output>
          </reporter-output>
        </test-method> <!-- setUp -->
        <test-method signature="TC_01_NavigateToArrayFromDropDown()[pri:0, instance:testcases.Array@6d763516]" started-at="2024-07-26T14:53:20 CDT" name="TC_01_NavigateToArrayFromDropDown" finished-at="2024-07-26T14:53:22 CDT" duration-ms="1318" status="PASS">
          <reporter-output>
          </reporter-output>
        </test-method> <!-- TC_01_NavigateToArrayFromDropDown -->
        <test-method is-config="true" signature="tearDown()[pri:0, instance:testcases.Array@6d763516]" started-at="2024-07-26T14:53:22 CDT" name="tearDown" finished-at="2024-07-26T14:53:22 CDT" duration-ms="289" status="PASS">
          <reporter-output>
          </reporter-output>
        </test-method> <!-- tearDown -->
      </class> <!-- testcases.Array -->
    </test> <!-- Test -->
  </suite> <!-- Suite -->
</testng-results>
